     1                                  [org 0x0100]
     2                                  
     3 00000000 E9E700                  jmp start
     4                                  
     5 00000003 00                      hours: db 0
     6 00000004 00                      minutes: db 0
     7 00000005 00                      seconds: db 0
     8 00000006 00000000                oldisr: dd 0
     9 0000000A 00                      ticks: db 0
    10                                  
    11                                  clearScreen:
    12 0000000B 55                          push bp
    13 0000000C 89E5                        mov bp, sp
    14 0000000E 50                          push ax
    15 0000000F 06                          push es
    16                                  
    17 00000010 B800B8                      mov ax, 0xb800
    18 00000013 8EC0                        mov es, ax
    19                                  
    20 00000015 B82007                      mov ax, 0x0720
    21 00000018 B9A00F                      mov cx, 4000
    22                                  
    23 0000001B 31FF                        xor di, di
    24                                  
    25 0000001D F3AB                        rep stosw
    26                                  
    27 0000001F 07                          pop es
    28 00000020 58                          pop ax
    29 00000021 89EC                        mov sp, bp
    30 00000023 5D                          pop bp
    31 00000024 C3                          ret
    32                                  
    33                                  PrintNum:
    34 00000025 55                          push bp
    35 00000026 89E5                        mov bp, sp
    36 00000028 06                          push es
    37 00000029 50                          push ax
    38 0000002A 53                          push bx
    39 0000002B 51                          push cx
    40 0000002C 52                          push dx
    41 0000002D 57                          push di
    42                                  
    43 0000002E B800B8                      mov ax, 0xb800
    44 00000031 8EC0                        mov es, ax
    45                                  
    46 00000033 8B4604                      mov ax, [bp + 4]
    47 00000036 8B7E06                      mov di, [bp + 6]
    48 00000039 BB0A00                      mov bx, 10
    49 0000003C B90000                      mov cx, 0
    50                                  
    51                                      nextDigit:
    52 0000003F BA0000                          mov dx, 0
    53 00000042 F7F3                            div bx
    54 00000044 80C230                          add dl, 0x30
    55 00000047 52                              push dx
    56 00000048 41                              inc cx
    57 00000049 83F800                          cmp ax, 0
    58 0000004C 75F1                            jnz nextDigit
    59                                  
    60                                      nextPos:
    61 0000004E 5A                              pop dx
    62 0000004F B607                            mov dh, 0x07
    63 00000051 268915                          mov [es:di], dx
    64 00000054 83C702                          add di, 2
    65 00000057 E2F5                            loop nextPos
    66                                  
    67 00000059 5F                          pop di
    68 0000005A 5A                          pop dx
    69 0000005B 59                          pop cx
    70 0000005C 5B                          pop bx
    71 0000005D 58                          pop ax
    72 0000005E 07                          pop es
    73 0000005F 5D                          pop bp
    74 00000060 C20400                      ret 4
    75                                  
    76                                  clockDisplay:
    77 00000063 55                          push bp
    78 00000064 89E5                        mov bp, sp
    79 00000066 50                          push ax
    80 00000067 06                          push es
    81                                  
    82 00000068 B800B8                      mov ax, 0xb800
    83 0000006B 8EC0                        mov es, ax
    84                                  
    85 0000006D 31C0                        xor ax, ax
    86 0000006F A0[0500]                    mov al, [seconds]
    87 00000072 50                          push ax
    88 00000073 6A00                        push 0
    89 00000075 E8ADFF                      call PrintNum
    90                                      
    91                                      ;mov word [es:4], 0x073A
    92                                      
    93 00000078 31C0                        xor ax, ax
    94 0000007A A0[0400]                    mov al, [minutes]
    95 0000007D 50                          push ax
    96 0000007E 6A24                        push 36
    97 00000080 E8A2FF                      call PrintNum
    98                                      
    99                                      ;mov word [es:10], 0x073A
   100                                      
   101 00000083 31C0                        xor ax, ax
   102 00000085 A0[0500]                    mov al, [seconds]
   103 00000088 50                          push ax
   104 00000089 6A46                        push 70
   105 0000008B E897FF                      call PrintNum
   106                                  
   107 0000008E 07                          pop es
   108 0000008F 58                          pop ax
   109 00000090 89EC                        mov sp, bp
   110 00000092 5D                          pop bp
   111 00000093 C3                          ret
   112                                  
   113                                  timer:
   114 00000094 50                          push ax
   115 00000095 53                          push bx
   116 00000096 51                          push cx
   117 00000097 52                          push dx
   118 00000098 1E                          push ds
   119 00000099 06                          push es
   120                                  
   121 0000009A 0E                          push cs
   122 0000009B 1F                          pop ds
   123                                  
   124 0000009C FE06[0A00]                  inc byte [ticks]
   125 000000A0 803E[0A00]12                cmp byte [ticks], 18
   126 000000A5 7538                        jne exit
   127                                  
   128 000000A7 C606[0A00]00                mov byte [ticks], 0
   129                                  
   130 000000AC FE06[0500]                  inc byte [seconds]
   131 000000B0 803E[0500]3C                cmp byte [seconds], 60
   132 000000B5 7225                        jb  display          ; if seconds < 60 → just display
   133                                  
   134 000000B7 C606[0500]00                mov byte [seconds], 0
   135 000000BC FE06[0400]                  inc byte [minutes]
   136 000000C0 803E[0400]3C                cmp byte [minutes], 60
   137 000000C5 7215                        jb  display          ; if minutes < 60 → display
   138                                  
   139 000000C7 C606[0400]00                mov byte [minutes], 0
   140 000000CC FE06[0300]                  inc byte [hours]
   141 000000D0 803E[0300]18                cmp byte [hours], 24
   142 000000D5 7205                        jb  display          ; if hours < 24 → display
   143                                  
   144 000000D7 C606[0300]00                mov byte [hours], 0  ; reset after 23:59:59
   145                                  
   146                                      display:
   147 000000DC E884FF                          call clockDisplay
   148                                  
   149                                      exit:
   150 000000DF B020                            mov al, 20h
   151 000000E1 E620                            out 20h, al
   152                                  
   153 000000E3 07                              pop es
   154 000000E4 1F                              pop ds
   155 000000E5 5A                              pop dx
   156 000000E6 59                              pop cx
   157 000000E7 5B                              pop bx
   158 000000E8 58                              pop ax
   159 000000E9 CF                              iret
   160                                  
   161                                  start:
   162                                  
   163 000000EA E81EFF                      call clearScreen
   164                                  
   165 000000ED 31C0                        xor ax, ax
   166 000000EF 8EC0                        mov es, ax
   167                                  
   168 000000F1 FA                          cli
   169 000000F2 26C7062000[9400]            mov word [es:8*4], timer
   170 000000F9 268C0E2200                  mov [es:8*4 + 2], cs
   171 000000FE FB                          sti
   172                                  
   173 000000FF BA1200                      mov dx, (end - start + 256) / 16 + 1
   174 00000102 B80031                      mov ax, 0x3100
   175 00000105 CD21                        int 0x21
   176                                  
   177                                  end:
